<?xml version="1.0" ?>
<coverage branch-rate="0.3159" branches-covered="139" branches-valid="440" complexity="0" line-rate="0.5802" lines-covered="720" lines-valid="1241" timestamp="1547090800737" version="4.5.2">
	<!-- Generated by coverage.py: https://coverage.readthedocs.io -->
	<!-- Based on https://raw.githubusercontent.com/cobertura/web/master/htdocs/xml/coverage-04.dtd -->
	<sources>
		<source>/home/jcfr/Projects/scikit-build/skbuild</source>
	</sources>
	<packages>
		<package branch-rate="0.3878" complexity="0" line-rate="0.6273" name=".">
			<classes>
				<class branch-rate="1" complexity="0" filename="__init__.py" line-rate="1" name="__init__.py">
					<methods/>
					<lines>
						<line hits="1" number="2"/>
						<line hits="1" number="8"/>
						<line hits="1" number="9"/>
						<line hits="1" number="11"/>
						<line hits="1" number="12"/>
						<line hits="1" number="13"/>
						<line hits="1" number="14"/>
						<line hits="1" number="16"/>
						<line hits="1" number="18"/>
					</lines>
				</class>
				<class branch-rate="0.4327" complexity="0" filename="cmaker.py" line-rate="0.7042" name="cmaker.py">
					<methods/>
					<lines>
						<line hits="1" number="5"/>
						<line hits="1" number="6"/>
						<line hits="1" number="7"/>
						<line hits="1" number="8"/>
						<line hits="1" number="9"/>
						<line hits="1" number="10"/>
						<line hits="1" number="11"/>
						<line hits="1" number="12"/>
						<line hits="1" number="13"/>
						<line hits="1" number="14"/>
						<line hits="1" number="15"/>
						<line hits="1" number="16"/>
						<line hits="1" number="17"/>
						<line hits="1" number="19"/>
						<line hits="1" number="23"/>
						<line hits="1" number="24"/>
						<line hits="1" number="26"/>
						<line hits="1" number="30"/>
						<line hits="1" number="34"/>
						<line hits="1" number="35"/>
						<line hits="1" number="36"/>
						<line hits="1" number="37"/>
						<line branch="true" condition-coverage="100% (2/2)" hits="1" number="38"/>
						<line hits="1" number="39"/>
						<line hits="1" number="41"/>
						<line hits="1" number="42"/>
						<line hits="1" number="45"/>
						<line hits="1" number="46"/>
						<line hits="1" number="48"/>
						<line branch="true" condition-coverage="50% (1/2)" hits="1" missing-branches="52" number="49"/>
						<line hits="1" number="50"/>
						<line branch="true" condition-coverage="50% (1/2)" hits="1" missing-branches="53" number="52"/>
						<line hits="0" number="53"/>
						<line hits="1" number="55"/>
						<line hits="1" number="57"/>
						<line hits="1" number="60"/>
						<line branch="true" condition-coverage="0% (0/2)" hits="0" missing-branches="65,70" number="64"/>
						<line branch="true" condition-coverage="0% (0/2)" hits="0" missing-branches="64,66" number="65"/>
						<line branch="true" condition-coverage="0% (0/2)" hits="0" missing-branches="67,68" number="66"/>
						<line hits="0" number="67"/>
						<line branch="true" condition-coverage="0% (0/2)" hits="0" missing-branches="64,69" number="68"/>
						<line hits="0" number="69"/>
						<line hits="0" number="70"/>
						<line hits="1" number="73"/>
						<line hits="1" number="77"/>
						<line hits="1" number="78"/>
						<line hits="0" number="79"/>
						<line hits="0" number="80"/>
						<line branch="true" condition-coverage="50% (1/2)" hits="1" missing-branches="86" number="83"/>
						<line hits="1" number="84"/>
						<line hits="1" number="86"/>
						<line hits="1" number="89"/>
						<line hits="1" number="92"/>
						<line hits="1" number="93"/>
						<line hits="1" number="94"/>
						<line hits="1" number="95"/>
						<line hits="1" number="97"/>
						<line hits="1" number="101"/>
						<line hits="1" number="102"/>
						<line hits="1" number="103"/>
						<line branch="true" condition-coverage="0% (0/2)" hits="0" missing-branches="105,110" number="104"/>
						<line branch="true" condition-coverage="0% (0/2)" hits="0" missing-branches="104,106" number="105"/>
						<line hits="0" number="106"/>
						<line hits="1" number="107"/>
						<line hits="1" number="108"/>
						<line hits="1" number="110"/>
						<line hits="1" number="112"/>
						<line hits="1" number="115"/>
						<line branch="true" condition-coverage="50% (1/2)" hits="1" missing-branches="117" number="116"/>
						<line hits="0" number="117"/>
						<line hits="1" number="119"/>
						<line hits="1" number="121"/>
						<line branch="true" condition-coverage="50% (1/2)" hits="1" missing-branches="166" number="162"/>
						<line hits="1" number="163"/>
						<line hits="1" number="166"/>
						<line branch="true" condition-coverage="50% (1/2)" hits="1" missing-branches="168" number="167"/>
						<line hits="0" number="168"/>
						<line hits="1" number="172"/>
						<line branch="true" condition-coverage="50% (1/2)" hits="1" missing-branches="180" number="177"/>
						<line hits="1" number="178"/>
						<line branch="true" condition-coverage="50% (1/2)" hits="1" missing-branches="183" number="180"/>
						<line hits="1" number="181"/>
						<line branch="true" condition-coverage="50% (1/2)" hits="1" missing-branches="186" number="183"/>
						<line hits="1" number="184"/>
						<line hits="1" number="186"/>
						<line hits="1" number="187"/>
						<line hits="1" number="188"/>
						<line hits="1" number="190"/>
						<line hits="1" number="191"/>
						<line hits="1" number="210"/>
						<line hits="1" number="212"/>
						<line hits="1" number="219"/>
						<line branch="true" condition-coverage="50% (1/2)" hits="1" missing-branches="221" number="220"/>
						<line hits="0" number="221"/>
						<line hits="1" number="234"/>
						<line hits="1" number="236"/>
						<line hits="1" number="238"/>
						<line hits="1" number="241"/>
						<line branch="true" condition-coverage="50% (1/2)" hits="1" missing-branches="244" number="243"/>
						<line hits="0" number="244"/>
						<line branch="true" condition-coverage="50% (1/2)" hits="1" missing-branches="247" number="246"/>
						<line hits="0" number="247"/>
						<line hits="1" number="249"/>
						<line hits="1" number="253"/>
						<line hits="1" number="258"/>
						<line hits="1" number="262"/>
						<line branch="true" condition-coverage="50% (1/2)" hits="1" missing-branches="272" number="267"/>
						<line hits="0" number="272"/>
						<line hits="0" number="273"/>
						<line hits="0" number="274"/>
						<line hits="0" number="275"/>
						<line hits="0" number="276"/>
						<line hits="0" number="277"/>
						<line hits="0" number="279"/>
						<line hits="0" number="280"/>
						<line hits="0" number="281"/>
						<line hits="0" number="282"/>
						<line hits="0" number="284"/>
						<line hits="0" number="285"/>
						<line hits="0" number="286"/>
						<line hits="0" number="287"/>
						<line hits="0" number="289"/>
						<line hits="0" number="290"/>
						<line hits="0" number="291"/>
						<line hits="0" number="292"/>
						<line branch="true" condition-coverage="0% (0/2)" hits="0" missing-branches="295,296" number="294"/>
						<line hits="0" number="295"/>
						<line branch="true" condition-coverage="0% (0/2)" hits="0" missing-branches="297,298" number="296"/>
						<line hits="0" number="297"/>
						<line branch="true" condition-coverage="0% (0/2)" hits="0" missing-branches="299,300" number="298"/>
						<line hits="0" number="299"/>
						<line branch="true" condition-coverage="0% (0/2)" hits="0" missing-branches="301,304" number="300"/>
						<line hits="0" number="301"/>
						<line hits="0" number="304"/>
						<line hits="0" number="313"/>
						<line branch="true" condition-coverage="0% (0/2)" hits="0" missing-branches="315,317" number="314"/>
						<line hits="0" number="315"/>
						<line branch="true" condition-coverage="0% (0/2)" hits="0" missing-branches="exit,325" number="317"/>
						<line branch="true" condition-coverage="0% (0/2)" hits="0" missing-branches="326,334" number="325"/>
						<line branch="true" condition-coverage="0% (0/2)" hits="0" missing-branches="325,328" number="326"/>
						<line hits="0" number="328"/>
						<line hits="0" number="329"/>
						<line hits="1" number="334"/>
						<line hits="1" number="336"/>
						<line hits="1" number="341"/>
						<line branch="true" condition-coverage="50% (1/2)" hits="1" missing-branches="402" number="344"/>
						<line hits="1" number="347"/>
						<line hits="1" number="349"/>
						<line branch="true" condition-coverage="50% (1/2)" hits="1" missing-branches="351" number="350"/>
						<line hits="0" number="351"/>
						<line hits="1" number="353"/>
						<line branch="true" condition-coverage="50% (1/2)" hits="1" missing-branches="359" number="354"/>
						<line hits="1" number="355"/>
						<line hits="1" number="356"/>
						<line hits="1" number="359"/>
						<line hits="1" number="360"/>
						<line branch="true" condition-coverage="50% (1/2)" hits="1" missing-branches="369" number="361"/>
						<line hits="1" number="362"/>
						<line hits="1" number="369"/>
						<line branch="true" condition-coverage="50% (1/2)" hits="1" missing-branches="377" number="370"/>
						<line hits="1" number="371"/>
						<line branch="true" condition-coverage="50% (1/2)" hits="1" missing-branches="377" number="372"/>
						<line branch="true" condition-coverage="50% (1/2)" hits="1" missing-branches="375" number="373"/>
						<line hits="1" number="374"/>
						<line hits="1" number="375"/>
						<line branch="true" condition-coverage="50% (1/2)" hits="1" missing-branches="378" number="377"/>
						<line hits="0" number="378"/>
						<line branch="true" condition-coverage="50% (1/2)" hits="1" missing-branches="exit" number="381"/>
						<line branch="true" condition-coverage="50% (1/2)" hits="1" missing-branches="402" number="394"/>
						<line branch="true" condition-coverage="100% (2/2)" hits="1" number="395"/>
						<line hits="1" number="397"/>
						<line hits="1" number="398"/>
						<line hits="1" number="402"/>
						<line hits="1" number="404"/>
						<line hits="1" number="417"/>
						<line hits="1" number="418"/>
						<line branch="true" condition-coverage="100% (2/2)" hits="1" number="420"/>
						<line branch="true" condition-coverage="100% (2/2)" hits="1" number="421"/>
						<line branch="true" condition-coverage="100% (2/2)" hits="1" number="422"/>
						<line hits="1" number="423"/>
						<line branch="true" condition-coverage="100% (2/2)" hits="1" number="425"/>
						<line hits="1" number="426"/>
						<line branch="true" condition-coverage="100% (2/2)" hits="1" number="427"/>
						<line hits="1" number="428"/>
						<line hits="1" number="430"/>
						<line branch="true" condition-coverage="50% (1/2)" hits="1" missing-branches="435" number="434"/>
						<line hits="0" number="435"/>
						<line branch="true" condition-coverage="50% (1/2)" hits="1" missing-branches="443" number="442"/>
						<line branch="true" condition-coverage="0% (0/2)" hits="0" missing-branches="exit,exit" number="443"/>
						<line hits="1" number="452"/>
						<line hits="1" number="455"/>
						<line branch="true" condition-coverage="50% (1/2)" hits="1" missing-branches="457" number="456"/>
						<line hits="0" number="457"/>
						<line hits="1" number="461"/>
						<line hits="1" number="463"/>
						<line hits="1" number="464"/>
						<line hits="1" number="469"/>
						<line branch="true" condition-coverage="50% (1/2)" hits="1" missing-branches="471" number="470"/>
						<line hits="0" number="471"/>
						<line hits="1" number="484"/>
						<line hits="1" number="488"/>
						<line hits="1" number="490"/>
						<line hits="1" number="491"/>
						<line hits="1" number="493"/>
						<line branch="true" condition-coverage="100% (2/2)" hits="1" number="494"/>
						<line hits="0" number="495"/>
						<line hits="0" number="496"/>
						<line hits="1" number="498"/>
						<line hits="1" number="500"/>
						<line branch="true" condition-coverage="100% (2/2)" hits="1" number="501"/>
						<line hits="0" number="503"/>
						<line hits="1" number="505"/>
						<line branch="true" condition-coverage="0% (0/2)" hits="0" missing-branches="exit,exit" number="514"/>
					</lines>
				</class>
				<class branch-rate="0" complexity="0" filename="compat.py" line-rate="0.125" name="compat.py">
					<methods/>
					<lines>
						<line hits="1" number="1"/>
						<line hits="1" number="4"/>
						<line hits="0" number="11"/>
						<line hits="0" number="12"/>
						<line hits="0" number="13"/>
						<line branch="true" condition-coverage="0% (0/2)" hits="0" missing-branches="15,16" number="14"/>
						<line hits="0" number="15"/>
						<line branch="true" condition-coverage="0% (0/2)" hits="0" missing-branches="17,24" number="16"/>
						<line hits="0" number="17"/>
						<line branch="true" condition-coverage="0% (0/2)" hits="0" missing-branches="19,20" number="18"/>
						<line hits="0" number="19"/>
						<line branch="true" condition-coverage="0% (0/2)" hits="0" missing-branches="16,21" number="20"/>
						<line hits="0" number="21"/>
						<line branch="true" condition-coverage="0% (0/2)" hits="0" missing-branches="20,23" number="22"/>
						<line hits="0" number="23"/>
						<line hits="0" number="24"/>
					</lines>
				</class>
				<class branch-rate="1" complexity="0" filename="constants.py" line-rate="0.8571" name="constants.py">
					<methods/>
					<lines>
						<line hits="1" number="5"/>
						<line hits="1" number="6"/>
						<line hits="1" number="8"/>
						<line hits="1" number="10"/>
						<line hits="1" number="13"/>
						<line hits="1" number="16"/>
						<line hits="0" number="27"/>
						<line hits="1" number="30"/>
						<line hits="0" number="36"/>
						<line hits="1" number="39"/>
						<line hits="1" number="41"/>
						<line hits="1" number="47"/>
						<line hits="0" number="49"/>
						<line hits="1" number="52"/>
						<line hits="1" number="54"/>
						<line hits="1" number="57"/>
						<line hits="1" number="59"/>
						<line hits="1" number="62"/>
						<line hits="1" number="66"/>
						<line hits="1" number="69"/>
						<line hits="1" number="71"/>
					</lines>
				</class>
				<class branch-rate="1" complexity="0" filename="exceptions.py" line-rate="1" name="exceptions.py">
					<methods/>
					<lines>
						<line hits="1" number="6"/>
						<line hits="1" number="10"/>
						<line hits="1" number="13"/>
						<line hits="1" number="17"/>
					</lines>
				</class>
				<class branch-rate="0.3833" complexity="0" filename="setuptools_wrap.py" line-rate="0.5819" name="setuptools_wrap.py">
					<methods/>
					<lines>
						<line hits="1" number="5"/>
						<line hits="1" number="7"/>
						<line hits="1" number="8"/>
						<line hits="1" number="9"/>
						<line hits="1" number="10"/>
						<line hits="1" number="11"/>
						<line hits="1" number="12"/>
						<line hits="1" number="13"/>
						<line hits="1" number="14"/>
						<line hits="1" number="16"/>
						<line hits="1" number="17"/>
						<line hits="1" number="20"/>
						<line hits="1" number="21"/>
						<line hits="1" number="22"/>
						<line hits="1" number="23"/>
						<line hits="1" number="26"/>
						<line hits="1" number="27"/>
						<line hits="1" number="28"/>
						<line hits="1" number="29"/>
						<line hits="1" number="31"/>
						<line hits="1" number="32"/>
						<line hits="0" number="33"/>
						<line hits="0" number="34"/>
						<line hits="1" number="36"/>
						<line hits="1" number="37"/>
						<line hits="1" number="39"/>
						<line hits="1" number="40"/>
						<line hits="1" number="44"/>
						<line hits="1" number="49"/>
						<line hits="1" number="50"/>
						<line hits="1" number="53"/>
						<line hits="1" number="56"/>
						<line hits="1" number="57"/>
						<line hits="1" number="60"/>
						<line hits="1" number="63"/>
						<line hits="1" number="66"/>
						<line hits="1" number="70"/>
						<line hits="1" number="74"/>
						<line hits="1" number="77"/>
						<line hits="1" number="83"/>
						<line hits="1" number="84"/>
						<line hits="1" number="87"/>
						<line branch="true" condition-coverage="50% (1/2)" hits="1" missing-branches="89" number="88"/>
						<line hits="0" number="89"/>
						<line hits="1" number="92"/>
						<line branch="true" condition-coverage="50% (1/2)" hits="1" missing-branches="94" number="93"/>
						<line hits="0" number="94"/>
						<line branch="true" condition-coverage="50% (1/2)" hits="1" missing-branches="97" number="96"/>
						<line hits="0" number="97"/>
						<line hits="1" number="99"/>
						<line hits="1" number="102"/>
						<line hits="1" number="106"/>
						<line hits="1" number="107"/>
						<line hits="1" number="108"/>
						<line hits="1" number="109"/>
						<line hits="1" number="110"/>
						<line hits="1" number="111"/>
						<line branch="true" condition-coverage="100% (2/2)" hits="1" number="113"/>
						<line branch="true" condition-coverage="50% (1/2)" hits="1" missing-branches="115" number="114"/>
						<line hits="0" number="115"/>
						<line branch="true" condition-coverage="0% (0/2)" hits="0" missing-branches="113,117" number="116"/>
						<line hits="0" number="117"/>
						<line hits="1" number="122"/>
						<line hits="1" number="124"/>
						<line hits="1" number="126"/>
						<line hits="1" number="129"/>
						<line hits="1" number="131"/>
						<line hits="1" number="132"/>
						<line hits="1" number="133"/>
						<line hits="1" number="134"/>
						<line hits="1" number="135"/>
						<line hits="1" number="137"/>
						<line hits="1" number="138"/>
						<line hits="1" number="139"/>
						<line hits="1" number="142"/>
						<line hits="1" number="171"/>
						<line hits="1" number="173"/>
						<line hits="1" number="175"/>
						<line hits="1" number="180"/>
						<line hits="1" number="185"/>
						<line hits="1" number="189"/>
						<line hits="1" number="195"/>
						<line hits="1" number="201"/>
						<line hits="1" number="202"/>
						<line hits="1" number="203"/>
						<line branch="true" condition-coverage="50% (1/2)" hits="1" missing-branches="206" number="204"/>
						<line hits="1" number="205"/>
						<line branch="true" condition-coverage="50% (1/2)" hits="1" missing-branches="208" number="206"/>
						<line hits="1" number="207"/>
						<line branch="true" condition-coverage="50% (1/2)" hits="1" missing-branches="211" number="208"/>
						<line hits="1" number="209"/>
						<line hits="1" number="211"/>
						<line branch="true" condition-coverage="100% (3/3)" hits="1" number="212"/>
						<line branch="true" condition-coverage="50% (1/2)" hits="1" missing-branches="214" number="213"/>
						<line hits="0" number="214"/>
						<line branch="true" condition-coverage="50% (1/2)" hits="1" missing-branches="217" number="215"/>
						<line hits="1" number="216"/>
						<line branch="true" condition-coverage="0% (0/2)" hits="0" missing-branches="218,220" number="217"/>
						<line hits="0" number="218"/>
						<line hits="1" number="220"/>
						<line hits="1" number="222"/>
						<line hits="1" number="224"/>
						<line hits="1" number="229"/>
						<line hits="1" number="230"/>
						<line branch="true" condition-coverage="50% (1/2)" hits="1" missing-branches="232" number="231"/>
						<line hits="0" number="232"/>
						<line hits="1" number="240"/>
						<line branch="true" condition-coverage="50% (1/2)" hits="1" missing-branches="242" number="241"/>
						<line hits="0" number="242"/>
						<line hits="1" number="251"/>
						<line branch="true" condition-coverage="0% (0/2)" hits="0" missing-branches="262,264" number="261"/>
						<line hits="0" number="262"/>
						<line hits="0" number="264"/>
						<line hits="0" number="265"/>
						<line hits="0" number="267"/>
						<line hits="0" number="269"/>
						<line hits="1" number="274"/>
						<line hits="0" number="281"/>
						<line branch="true" condition-coverage="0% (0/2)" hits="0" missing-branches="283,292" number="282"/>
						<line hits="0" number="283"/>
						<line branch="true" condition-coverage="0% (0/2)" hits="0" missing-branches="294,295" number="292"/>
						<line hits="0" number="294"/>
						<line hits="0" number="295"/>
						<line hits="1" number="298"/>
						<line branch="true" condition-coverage="50% (1/2)" hits="1" missing-branches="317" number="301"/>
						<line branch="true" condition-coverage="100% (2/2)" hits="1" number="315"/>
						<line hits="1" number="316"/>
						<line branch="true" condition-coverage="0% (0/2)" hits="0" missing-branches="318,319" number="317"/>
						<line hits="0" number="318"/>
						<line hits="0" number="319"/>
						<line hits="1" number="322"/>
						<line hits="1" number="325"/>
						<line hits="1" number="326"/>
						<line hits="1" number="327"/>
						<line hits="1" number="328"/>
						<line hits="1" number="330"/>
						<line hits="1" number="331"/>
						<line hits="1" number="334"/>
						<line hits="0" number="336"/>
						<line hits="0" number="337"/>
						<line hits="0" number="338"/>
						<line hits="0" number="339"/>
						<line hits="0" number="340"/>
						<line hits="1" number="344"/>
						<line hits="1" number="354"/>
						<line hits="1" number="358"/>
						<line hits="1" number="359"/>
						<line hits="1" number="360"/>
						<line hits="1" number="361"/>
						<line hits="1" number="362"/>
						<line hits="1" number="363"/>
						<line hits="1" number="365"/>
						<line hits="1" number="367"/>
						<line hits="1" number="368"/>
						<line hits="1" number="369"/>
						<line hits="1" number="370"/>
						<line hits="1" number="372"/>
						<line hits="1" number="373"/>
						<line hits="1" number="376"/>
						<line hits="1" number="377"/>
						<line hits="1" number="383"/>
						<line branch="true" condition-coverage="100% (2/2)" hits="1" number="391"/>
						<line hits="1" number="395"/>
						<line hits="1" number="396"/>
						<line hits="0" number="397"/>
						<line hits="0" number="398"/>
						<line hits="0" number="399"/>
						<line hits="0" number="400"/>
						<line hits="0" number="401"/>
						<line hits="0" number="402"/>
						<line hits="1" number="406"/>
						<line branch="true" condition-coverage="50% (1/2)" hits="1" missing-branches="408" number="407"/>
						<line hits="0" number="408"/>
						<line branch="true" condition-coverage="50% (1/2)" hits="1" missing-branches="410" number="409"/>
						<line hits="0" number="410"/>
						<line hits="1" number="418"/>
						<line hits="1" number="419"/>
						<line hits="1" number="420"/>
						<line hits="1" number="421"/>
						<line hits="1" number="422"/>
						<line hits="0" number="426"/>
						<line hits="0" number="427"/>
						<line hits="1" number="429"/>
						<line branch="true" condition-coverage="50% (1/2)" hits="1" missing-branches="432" number="431"/>
						<line hits="0" number="432"/>
						<line hits="1" number="434"/>
						<line branch="true" condition-coverage="50% (1/2)" hits="1" missing-branches="440" number="439"/>
						<line branch="true" condition-coverage="0% (0/2)" hits="0" missing-branches="443,456" number="440"/>
						<line hits="0" number="443"/>
						<line branch="true" condition-coverage="0% (0/2)" hits="0" missing-branches="exit,448" number="444"/>
						<line hits="0" number="448"/>
						<line hits="0" number="449"/>
						<line hits="0" number="450"/>
						<line hits="0" number="451"/>
						<line hits="0" number="453"/>
						<line hits="0" number="455"/>
						<line hits="0" number="456"/>
						<line hits="1" number="458"/>
						<line hits="1" number="460"/>
						<line hits="1" number="461"/>
						<line hits="1" number="462"/>
						<line hits="1" number="464"/>
						<line branch="true" condition-coverage="100% (2/2)" hits="1" number="465"/>
						<line hits="1" number="467"/>
						<line branch="true" condition-coverage="100% (2/2)" hits="1" number="468"/>
						<line branch="true" condition-coverage="100% (2/2)" hits="1" number="470"/>
						<line hits="1" number="478"/>
						<line branch="true" condition-coverage="50% (1/2)" hits="1" missing-branches="482" number="480"/>
						<line branch="true" condition-coverage="0% (0/2)" hits="0" missing-branches="484,487" number="482"/>
						<line hits="0" number="484"/>
						<line hits="0" number="485"/>
						<line hits="0" number="487"/>
						<line branch="true" condition-coverage="0% (0/2)" hits="0" missing-branches="493,498" number="492"/>
						<line branch="true" condition-coverage="0% (0/2)" hits="0" missing-branches="494,495" number="493"/>
						<line hits="0" number="494"/>
						<line branch="true" condition-coverage="0% (0/2)" hits="0" missing-branches="492,496" number="495"/>
						<line hits="0" number="496"/>
						<line hits="0" number="498"/>
						<line hits="0" number="503"/>
						<line hits="0" number="507"/>
						<line branch="true" condition-coverage="0% (0/2)" hits="0" missing-branches="510,513" number="508"/>
						<line hits="0" number="510"/>
						<line branch="true" condition-coverage="0% (0/2)" hits="0" missing-branches="515,520" number="513"/>
						<line hits="0" number="515"/>
						<line branch="true" condition-coverage="50% (1/2)" hits="1" missing-branches="521" number="520"/>
						<line branch="true" condition-coverage="0% (0/2)" hits="0" missing-branches="520,522" number="521"/>
						<line hits="0" number="522"/>
						<line hits="0" number="523"/>
						<line hits="0" number="524"/>
						<line hits="0" number="530"/>
						<line branch="true" condition-coverage="0% (0/2)" hits="0" missing-branches="532,540" number="531"/>
						<line hits="0" number="532"/>
						<line branch="true" condition-coverage="0% (0/2)" hits="0" missing-branches="534,535" number="533"/>
						<line hits="0" number="534"/>
						<line hits="0" number="535"/>
						<line hits="0" number="536"/>
						<line hits="0" number="539"/>
						<line hits="0" number="540"/>
						<line hits="0" number="541"/>
						<line hits="1" number="544"/>
						<line hits="1" number="546"/>
						<line branch="true" condition-coverage="50% (1/2)" hits="1" missing-branches="549" number="547"/>
						<line hits="1" number="548"/>
						<line hits="1" number="549"/>
						<line branch="true" condition-coverage="50% (1/2)" hits="1" missing-branches="589" number="550"/>
						<line hits="1" number="551"/>
						<line branch="true" condition-coverage="50% (1/2)" hits="1" missing-branches="553" number="552"/>
						<line branch="true" condition-coverage="0% (0/2)" hits="0" missing-branches="554,559" number="553"/>
						<line hits="0" number="554"/>
						<line hits="1" number="559"/>
						<line hits="1" number="569"/>
						<line branch="true" condition-coverage="50% (1/2)" hits="1" missing-branches="578" number="570"/>
						<line hits="1" number="571"/>
						<line hits="1" number="577"/>
						<line hits="1" number="578"/>
						<line branch="true" condition-coverage="0% (0/2)" hits="0" missing-branches="580,581" number="579"/>
						<line hits="0" number="580"/>
						<line hits="0" number="581"/>
						<line hits="0" number="582"/>
						<line hits="0" number="583"/>
						<line hits="0" number="584"/>
						<line hits="0" number="585"/>
						<line hits="0" number="586"/>
						<line branch="true" condition-coverage="100% (2/2)" hits="1" number="589"/>
						<line branch="true" condition-coverage="100% (2/2)" hits="1" number="593"/>
						<line branch="true" condition-coverage="50% (1/2)" hits="1" missing-branches="593" number="594"/>
						<line hits="1" number="595"/>
						<line branch="true" condition-coverage="50% (1/2)" hits="1" missing-branches="597" number="596"/>
						<line hits="0" number="597"/>
						<line hits="1" number="599"/>
						<line hits="1" number="601"/>
						<line hits="1" number="607"/>
						<line branch="true" condition-coverage="50% (1/2)" hits="1" missing-branches="609" number="608"/>
						<line hits="0" number="609"/>
						<line branch="true" condition-coverage="0% (0/2)" hits="0" missing-branches="611,616" number="610"/>
						<line hits="0" number="611"/>
						<line branch="true" condition-coverage="50% (1/2)" hits="1" missing-branches="632" number="616"/>
						<line branch="true" condition-coverage="100% (2/2)" hits="1" number="618"/>
						<line branch="true" condition-coverage="100% (2/2)" hits="1" number="619"/>
						<line hits="1" number="620"/>
						<line hits="1" number="621"/>
						<line branch="true" condition-coverage="50% (1/2)" hits="1" missing-branches="619" number="622"/>
						<line hits="1" number="623"/>
						<line branch="true" condition-coverage="50% (1/2)" hits="1" missing-branches="627" number="626"/>
						<line hits="0" number="627"/>
						<line hits="0" number="628"/>
						<line branch="true" condition-coverage="0% (0/2)" hits="0" missing-branches="626,630" number="629"/>
						<line hits="0" number="630"/>
						<line hits="0" number="632"/>
						<line hits="0" number="635"/>
						<line hits="0" number="636"/>
						<line branch="true" condition-coverage="0% (0/2)" hits="0" missing-branches="639,642" number="638"/>
						<line hits="0" number="639"/>
						<line hits="0" number="640"/>
						<line hits="1" number="642"/>
						<line branch="true" condition-coverage="100% (2/2)" hits="1" number="643"/>
						<line branch="true" condition-coverage="100% (2/2)" hits="1" number="651"/>
						<line branch="true" condition-coverage="100% (2/2)" hits="1" number="656"/>
						<line branch="true" condition-coverage="50% (1/2)" hits="1" missing-branches="666" number="661"/>
						<line hits="1" number="662"/>
						<line hits="1" number="666"/>
						<line hits="1" number="667"/>
						<line hits="0" number="668"/>
						<line hits="1" number="669"/>
						<line hits="1" number="671"/>
						<line hits="1" number="673"/>
						<line hits="1" number="676"/>
						<line branch="true" condition-coverage="100% (3/3)" hits="1" number="710"/>
						<line hits="1" number="720"/>
						<line hits="1" number="725"/>
						<line hits="1" number="726"/>
						<line hits="1" number="728"/>
						<line branch="true" condition-coverage="100% (2/2)" hits="1" number="729"/>
						<line branch="true" condition-coverage="50% (1/2)" hits="1" missing-branches="733" number="732"/>
						<line hits="0" number="733"/>
						<line hits="1" number="740"/>
						<line hits="1" number="742"/>
						<line hits="1" number="748"/>
						<line hits="1" number="752"/>
						<line hits="1" number="753"/>
						<line hits="1" number="754"/>
						<line hits="1" number="756"/>
						<line branch="true" condition-coverage="50% (1/2)" hits="1" missing-branches="771" number="759"/>
						<line branch="true" condition-coverage="50% (1/2)" hits="1" missing-branches="759" number="760"/>
						<line hits="1" number="762"/>
						<line hits="1" number="764"/>
						<line hits="1" number="765"/>
						<line hits="1" number="766"/>
						<line hits="1" number="768"/>
						<line hits="1" number="769"/>
						<line branch="true" condition-coverage="50% (1/2)" hits="1" missing-branches="777" number="771"/>
						<line hits="1" number="772"/>
						<line branch="true" condition-coverage="0% (0/2)" hits="0" missing-branches="778,783" number="777"/>
						<line branch="true" condition-coverage="0% (0/2)" hits="0" missing-branches="777,779" number="778"/>
						<line hits="0" number="779"/>
						<line hits="0" number="780"/>
						<line hits="0" number="781"/>
						<line branch="true" condition-coverage="0% (0/2)" hits="0" missing-branches="784,789" number="783"/>
						<line hits="0" number="784"/>
						<line branch="true" condition-coverage="0% (0/2)" hits="0" missing-branches="790,795" number="789"/>
						<line branch="true" condition-coverage="0% (0/2)" hits="0" missing-branches="789,791" number="790"/>
						<line hits="0" number="791"/>
						<line hits="0" number="792"/>
						<line hits="0" number="793"/>
						<line branch="true" condition-coverage="0% (0/2)" hits="0" missing-branches="796,803" number="795"/>
						<line hits="0" number="796"/>
						<line hits="0" number="803"/>
						<line hits="0" number="804"/>
						<line branch="true" condition-coverage="0% (0/2)" hits="0" missing-branches="806,808" number="805"/>
						<line hits="0" number="806"/>
						<line hits="0" number="807"/>
						<line hits="0" number="808"/>
						<line hits="1" number="811"/>
						<line hits="1" number="820"/>
						<line branch="true" condition-coverage="50% (1/2)" hits="1" missing-branches="822" number="821"/>
						<line branch="true" condition-coverage="0% (0/2)" hits="0" missing-branches="823,824" number="822"/>
						<line hits="0" number="823"/>
						<line hits="0" number="824"/>
						<line branch="true" condition-coverage="50% (1/2)" hits="1" missing-branches="829" number="827"/>
						<line hits="1" number="828"/>
						<line hits="1" number="829"/>
						<line hits="1" number="830"/>
						<line hits="1" number="833"/>
						<line hits="0" number="861"/>
						<line hits="0" number="864"/>
						<line hits="0" number="868"/>
						<line hits="0" number="869"/>
						<line hits="0" number="871"/>
						<line branch="true" condition-coverage="0% (0/2)" hits="0" missing-branches="exit,876" number="873"/>
						<line branch="true" condition-coverage="0% (0/2)" hits="0" missing-branches="877,879" number="876"/>
						<line hits="0" number="877"/>
						<line hits="0" number="879"/>
						<line branch="true" condition-coverage="0% (0/2)" hits="0" missing-branches="883,892" number="882"/>
						<line hits="0" number="883"/>
						<line hits="0" number="884"/>
						<line hits="0" number="892"/>
						<line branch="true" condition-coverage="0% (0/2)" hits="0" missing-branches="894,895" number="893"/>
						<line hits="0" number="894"/>
						<line hits="0" number="895"/>
						<line hits="0" number="897"/>
						<line hits="0" number="900"/>
						<line hits="0" number="901"/>
						<line hits="0" number="902"/>
						<line hits="0" number="903"/>
						<line hits="1" number="906"/>
						<line hits="0" number="924"/>
						<line branch="true" condition-coverage="0% (0/2)" hits="0" missing-branches="exit,926" number="925"/>
						<line branch="true" condition-coverage="0% (0/2)" hits="0" missing-branches="927,928" number="926"/>
						<line hits="0" number="927"/>
						<line hits="0" number="928"/>
						<line branch="true" condition-coverage="0% (0/2)" hits="0" missing-branches="925,930" number="929"/>
						<line hits="0" number="930"/>
						<line branch="true" condition-coverage="0% (0/2)" hits="0" missing-branches="929,932" number="931"/>
						<line hits="0" number="932"/>
						<line hits="0" number="933"/>
						<line hits="0" number="934"/>
						<line hits="0" number="935"/>
					</lines>
				</class>
			</classes>
		</package>
		<package branch-rate="0.08333" complexity="0" line-rate="0.5194" name="command">
			<classes>
				<class branch-rate="0.5" complexity="0" filename="command/__init__.py" line-rate="1" name="__init__.py">
					<methods/>
					<lines>
						<line hits="1" number="5"/>
						<line hits="1" number="8"/>
						<line hits="1" number="11"/>
						<line hits="1" number="14"/>
						<line branch="true" condition-coverage="50% (1/2)" hits="1" missing-branches="20" number="15"/>
						<line hits="1" number="16"/>
						<line hits="1" number="17"/>
						<line hits="1" number="18"/>
						<line hits="1" number="20"/>
					</lines>
				</class>
				<class branch-rate="1" complexity="0" filename="command/bdist.py" line-rate="1" name="bdist.py">
					<methods/>
					<lines>
						<line hits="1" number="3"/>
						<line hits="1" number="4"/>
						<line hits="1" number="5"/>
						<line hits="1" number="6"/>
						<line hits="1" number="8"/>
						<line hits="1" number="9"/>
						<line hits="1" number="12"/>
						<line hits="1" number="14"/>
					</lines>
				</class>
				<class branch-rate="0" complexity="0" filename="command/bdist_wheel.py" line-rate="0.2609" name="bdist_wheel.py">
					<methods/>
					<lines>
						<line hits="1" number="4"/>
						<line hits="1" number="5"/>
						<line hits="1" number="7"/>
						<line hits="1" number="8"/>
						<line hits="1" number="9"/>
						<line hits="0" number="10"/>
						<line hits="0" number="11"/>
						<line hits="0" number="12"/>
						<line hits="1" number="14"/>
						<line hits="1" number="16"/>
						<line hits="1" number="17"/>
						<line hits="1" number="20"/>
						<line hits="1" number="23"/>
						<line branch="true" condition-coverage="0% (0/2)" hits="0" missing-branches="27,46" number="26"/>
						<line hits="0" number="27"/>
						<line hits="0" number="29"/>
						<line hits="0" number="30"/>
						<line branch="true" condition-coverage="0% (0/2)" hits="0" missing-branches="32,35" number="31"/>
						<line hits="0" number="32"/>
						<line hits="0" number="33"/>
						<line hits="0" number="35"/>
						<line hits="0" number="37"/>
						<line hits="0" number="38"/>
						<line hits="0" number="40"/>
						<line hits="0" number="41"/>
						<line hits="0" number="43"/>
						<line hits="0" number="44"/>
						<line hits="0" number="46"/>
						<line hits="0" number="48"/>
						<line hits="0" number="49"/>
						<line branch="true" condition-coverage="0% (0/2)" hits="0" missing-branches="51,54" number="50"/>
						<line hits="0" number="51"/>
						<line hits="0" number="52"/>
						<line hits="0" number="54"/>
						<line hits="0" number="56"/>
						<line hits="0" number="58"/>
						<line hits="0" number="59"/>
						<line hits="0" number="61"/>
						<line hits="1" number="63"/>
						<line branch="true" condition-coverage="0% (0/2)" hits="0" missing-branches="69,70" number="66"/>
						<line hits="0" number="69"/>
						<line hits="0" number="70"/>
						<line hits="1" number="72"/>
						<line hits="0" number="76"/>
						<line hits="0" number="77"/>
						<line hits="0" number="78"/>
					</lines>
				</class>
				<class branch-rate="1" complexity="0" filename="command/build.py" line-rate="1" name="build.py">
					<methods/>
					<lines>
						<line hits="1" number="3"/>
						<line hits="1" number="4"/>
						<line hits="1" number="5"/>
						<line hits="1" number="6"/>
						<line hits="1" number="8"/>
						<line hits="1" number="9"/>
						<line hits="1" number="12"/>
						<line hits="1" number="14"/>
					</lines>
				</class>
				<class branch-rate="0.75" complexity="0" filename="command/build_ext.py" line-rate="0.875" name="build_ext.py">
					<methods/>
					<lines>
						<line hits="1" number="3"/>
						<line hits="1" number="5"/>
						<line hits="1" number="7"/>
						<line hits="1" number="8"/>
						<line hits="0" number="9"/>
						<line hits="0" number="10"/>
						<line hits="1" number="12"/>
						<line hits="1" number="13"/>
						<line hits="1" number="14"/>
						<line hits="1" number="17"/>
						<line hits="1" number="20"/>
						<line hits="1" number="25"/>
						<line branch="true" condition-coverage="100% (2/2)" hits="1" number="26"/>
						<line hits="1" number="27"/>
						<line hits="1" number="28"/>
						<line hits="1" number="29"/>
						<line hits="1" number="30"/>
						<line hits="1" number="31"/>
						<line hits="1" number="33"/>
						<line hits="1" number="34"/>
						<line hits="1" number="36"/>
						<line hits="1" number="41"/>
						<line branch="true" condition-coverage="50% (1/2)" hits="1" missing-branches="46" number="45"/>
						<line hits="0" number="46"/>
					</lines>
				</class>
				<class branch-rate="0" complexity="0" filename="command/build_py.py" line-rate="0.3171" name="build_py.py">
					<methods/>
					<lines>
						<line hits="1" number="4"/>
						<line hits="1" number="6"/>
						<line hits="1" number="8"/>
						<line hits="1" number="10"/>
						<line hits="1" number="11"/>
						<line hits="1" number="12"/>
						<line hits="1" number="15"/>
						<line hits="1" number="18"/>
						<line hits="1" number="23"/>
						<line hits="1" number="25"/>
						<line hits="1" number="27"/>
						<line hits="0" number="32"/>
						<line hits="0" number="33"/>
						<line hits="1" number="35"/>
						<line hits="0" number="41"/>
						<line hits="0" number="42"/>
						<line hits="0" number="43"/>
						<line hits="1" number="45"/>
						<line hits="0" number="60"/>
						<line hits="0" number="63"/>
						<line branch="true" condition-coverage="0% (0/2)" hits="0" missing-branches="70,101" number="69"/>
						<line hits="0" number="70"/>
						<line hits="0" number="71"/>
						<line hits="0" number="72"/>
						<line hits="0" number="74"/>
						<line hits="0" number="75"/>
						<line hits="0" number="76"/>
						<line hits="0" number="77"/>
						<line hits="0" number="78"/>
						<line branch="true" condition-coverage="0% (0/2)" hits="0" missing-branches="81,89" number="80"/>
						<line hits="0" number="81"/>
						<line hits="0" number="82"/>
						<line branch="true" condition-coverage="0% (0/2)" hits="0" missing-branches="84,89" number="83"/>
						<line hits="0" number="84"/>
						<line hits="0" number="89"/>
						<line branch="true" condition-coverage="0% (0/2)" hits="0" missing-branches="94,96" number="93"/>
						<line hits="0" number="94"/>
						<line branch="true" condition-coverage="0% (0/2)" hits="0" missing-branches="97,99" number="96"/>
						<line hits="0" number="97"/>
						<line hits="0" number="99"/>
						<line hits="0" number="101"/>
					</lines>
				</class>
				<class branch-rate="0" complexity="0" filename="command/clean.py" line-rate="0.6667" name="clean.py">
					<methods/>
					<lines>
						<line hits="1" number="3"/>
						<line hits="1" number="5"/>
						<line hits="1" number="6"/>
						<line hits="1" number="7"/>
						<line hits="1" number="8"/>
						<line hits="1" number="10"/>
						<line hits="1" number="12"/>
						<line hits="1" number="14"/>
						<line hits="1" number="15"/>
						<line hits="1" number="18"/>
						<line hits="1" number="21"/>
						<line hits="1" number="23"/>
						<line hits="0" number="26"/>
						<line branch="true" condition-coverage="0% (0/2)" hits="0" missing-branches="exit,30" number="27"/>
						<line branch="true" condition-coverage="0% (0/2)" hits="0" missing-branches="31,32" number="30"/>
						<line hits="0" number="31"/>
						<line branch="true" condition-coverage="0% (0/2)" hits="0" missing-branches="27,33" number="32"/>
						<line hits="0" number="33"/>
					</lines>
				</class>
				<class branch-rate="0" complexity="0" filename="command/egg_info.py" line-rate="0.3333" name="egg_info.py">
					<methods/>
					<lines>
						<line hits="1" number="4"/>
						<line hits="1" number="5"/>
						<line hits="1" number="7"/>
						<line hits="1" number="9"/>
						<line hits="1" number="10"/>
						<line hits="1" number="11"/>
						<line hits="1" number="14"/>
						<line hits="1" number="17"/>
						<line branch="true" condition-coverage="0% (0/2)" hits="0" missing-branches="20,37" number="19"/>
						<line branch="true" condition-coverage="0% (0/2)" hits="0" missing-branches="25,42" number="20"/>
						<line hits="0" number="25"/>
						<line hits="0" number="26"/>
						<line hits="0" number="27"/>
						<line branch="true" condition-coverage="0% (0/2)" hits="0" missing-branches="29,30" number="28"/>
						<line hits="0" number="29"/>
						<line branch="true" condition-coverage="0% (0/2)" hits="0" missing-branches="31,32" number="30"/>
						<line hits="0" number="31"/>
						<line branch="true" condition-coverage="0% (0/2)" hits="0" missing-branches="33,35" number="32"/>
						<line hits="0" number="33"/>
						<line hits="0" number="35"/>
						<line hits="0" number="37"/>
						<line hits="0" number="38"/>
						<line hits="0" number="40"/>
						<line hits="0" number="42"/>
					</lines>
				</class>
				<class branch-rate="0" complexity="0" filename="command/generate_source_manifest.py" line-rate="0.4138" name="generate_source_manifest.py">
					<methods/>
					<lines>
						<line hits="1" number="4"/>
						<line hits="1" number="5"/>
						<line hits="1" number="6"/>
						<line hits="1" number="8"/>
						<line hits="1" number="10"/>
						<line hits="1" number="11"/>
						<line hits="1" number="12"/>
						<line hits="1" number="15"/>
						<line hits="1" number="19"/>
						<line hits="1" number="22"/>
						<line hits="0" number="24"/>
						<line hits="1" number="26"/>
						<line hits="0" number="37"/>
						<line branch="true" condition-coverage="0% (0/2)" hits="0" missing-branches="exit,51" number="49"/>
						<line hits="0" number="51"/>
						<line hits="0" number="52"/>
						<line hits="0" number="55"/>
						<line hits="0" number="56"/>
						<line hits="0" number="59"/>
						<line hits="0" number="60"/>
						<line hits="0" number="63"/>
						<line hits="0" number="64"/>
						<line hits="0" number="73"/>
						<line branch="true" condition-coverage="0% (0/2)" hits="0" missing-branches="76,78" number="75"/>
						<line hits="0" number="76"/>
						<line hits="0" number="78"/>
						<line hits="0" number="79"/>
						<line hits="1" number="81"/>
						<line hits="0" number="83"/>
					</lines>
				</class>
				<class branch-rate="0" complexity="0" filename="command/install.py" line-rate="0.625" name="install.py">
					<methods/>
					<lines>
						<line hits="1" number="4"/>
						<line hits="1" number="6"/>
						<line hits="1" number="7"/>
						<line hits="1" number="10"/>
						<line hits="1" number="13"/>
						<line branch="true" condition-coverage="0% (0/2)" hits="0" missing-branches="23,25" number="21"/>
						<line hits="0" number="23"/>
						<line hits="0" number="25"/>
					</lines>
				</class>
				<class branch-rate="0" complexity="0" filename="command/install_lib.py" line-rate="0.6" name="install_lib.py">
					<methods/>
					<lines>
						<line hits="1" number="4"/>
						<line hits="1" number="6"/>
						<line hits="1" number="8"/>
						<line hits="1" number="9"/>
						<line hits="1" number="12"/>
						<line hits="1" number="15"/>
						<line hits="0" number="17"/>
						<line hits="0" number="18"/>
						<line branch="true" condition-coverage="0% (0/2)" hits="0" missing-branches="exit,20" number="19"/>
						<line hits="0" number="20"/>
					</lines>
				</class>
				<class branch-rate="1" complexity="0" filename="command/install_scripts.py" line-rate="0.6667" name="install_scripts.py">
					<methods/>
					<lines>
						<line hits="1" number="4"/>
						<line hits="1" number="6"/>
						<line hits="1" number="9"/>
						<line hits="1" number="10"/>
						<line hits="1" number="13"/>
						<line hits="1" number="16"/>
						<line hits="0" number="18"/>
						<line hits="0" number="19"/>
						<line hits="0" number="20"/>
					</lines>
				</class>
				<class branch-rate="1" complexity="0" filename="command/sdist.py" line-rate="0.5294" name="sdist.py">
					<methods/>
					<lines>
						<line hits="1" number="3"/>
						<line hits="1" number="5"/>
						<line hits="1" number="6"/>
						<line hits="1" number="8"/>
						<line hits="1" number="9"/>
						<line hits="1" number="12"/>
						<line hits="1" number="15"/>
						<line hits="0" number="17"/>
						<line hits="0" number="18"/>
						<line hits="0" number="19"/>
						<line hits="1" number="23"/>
						<line hits="0" number="26"/>
						<line hits="0" number="28"/>
						<line hits="0" number="29"/>
						<line hits="1" number="32"/>
						<line hits="0" number="34"/>
						<line hits="0" number="35"/>
					</lines>
				</class>
				<class branch-rate="1" complexity="0" filename="command/test.py" line-rate="0.7143" name="test.py">
					<methods/>
					<lines>
						<line hits="1" number="3"/>
						<line hits="1" number="5"/>
						<line hits="1" number="6"/>
						<line hits="1" number="9"/>
						<line hits="1" number="12"/>
						<line hits="0" number="14"/>
						<line hits="0" number="15"/>
					</lines>
				</class>
			</classes>
		</package>
		<package branch-rate="0.2308" complexity="0" line-rate="0.55" name="platform_specifics">
			<classes>
				<class branch-rate="1" complexity="0" filename="platform_specifics/__init__.py" line-rate="1" name="__init__.py">
					<methods/>
					<lines>
						<line hits="1" number="5"/>
						<line hits="1" number="6"/>
						<line hits="1" number="8"/>
					</lines>
				</class>
				<class branch-rate="0.4444" complexity="0" filename="platform_specifics/abstract.py" line-rate="0.8353" name="abstract.py">
					<methods/>
					<lines>
						<line hits="1" number="4"/>
						<line hits="1" number="6"/>
						<line hits="1" number="7"/>
						<line hits="1" number="8"/>
						<line hits="1" number="9"/>
						<line hits="1" number="11"/>
						<line hits="1" number="12"/>
						<line hits="1" number="13"/>
						<line hits="1" number="15"/>
						<line hits="1" number="18"/>
						<line hits="1" number="24"/>
						<line hits="1" number="25"/>
						<line hits="1" number="27"/>
						<line hits="1" number="30"/>
						<line hits="1" number="32"/>
						<line hits="1" number="34"/>
						<line hits="1" number="36"/>
						<line hits="1" number="41"/>
						<line branch="true" condition-coverage="50% (1/2)" hits="1" missing-branches="47" number="45"/>
						<line hits="1" number="46"/>
						<line hits="1" number="47"/>
						<line hits="1" number="48"/>
						<line hits="1" number="49"/>
						<line branch="true" condition-coverage="50% (1/2)" hits="1" missing-branches="51" number="50"/>
						<line hits="0" number="51"/>
						<line hits="1" number="53"/>
						<line branch="true" condition-coverage="50% (1/2)" hits="1" missing-branches="exit" number="56"/>
						<line hits="1" number="57"/>
						<line hits="1" number="59"/>
						<line branch="true" condition-coverage="0% (0/2)" hits="0" missing-branches="64,67" number="63"/>
						<line branch="true" condition-coverage="0% (0/2)" hits="0" missing-branches="63,65" number="64"/>
						<line hits="0" number="65"/>
						<line hits="0" number="67"/>
						<line hits="1" number="71"/>
						<line hits="1" number="110"/>
						<line branch="true" condition-coverage="50% (1/2)" hits="1" missing-branches="118" number="112"/>
						<line hits="1" number="113"/>
						<line branch="true" condition-coverage="0% (0/2)" hits="0" missing-branches="119,122" number="118"/>
						<line branch="true" condition-coverage="0% (0/2)" hits="0" missing-branches="118,120" number="119"/>
						<line hits="0" number="120"/>
						<line hits="0" number="121"/>
						<line branch="true" condition-coverage="0% (0/2)" hits="0" missing-branches="123,125" number="122"/>
						<line hits="0" number="123"/>
						<line hits="1" number="125"/>
						<line branch="true" condition-coverage="50% (1/2)" hits="1" missing-branches="128" number="127"/>
						<line hits="0" number="128"/>
						<line hits="1" number="130"/>
						<line branch="true" condition-coverage="50% (1/2)" hits="1" missing-branches="134" number="133"/>
						<line hits="0" number="134"/>
						<line branch="true" condition-coverage="50% (1/2)" hits="1" missing-branches="150" number="147"/>
						<line hits="1" number="148"/>
						<line hits="1" number="150"/>
						<line hits="1" number="152"/>
						<line hits="1" number="153"/>
						<line hits="1" number="154"/>
						<line hits="1" number="165"/>
						<line branch="true" condition-coverage="100% (2/2)" hits="1" number="168"/>
						<line hits="1" number="171"/>
						<line branch="true" condition-coverage="100% (2/2)" hits="1" number="173"/>
						<line hits="1" number="176"/>
						<line hits="1" number="177"/>
						<line branch="true" condition-coverage="100% (2/2)" hits="1" number="178"/>
						<line hits="1" number="179"/>
						<line hits="1" number="180"/>
						<line hits="1" number="181"/>
						<line branch="true" condition-coverage="50% (1/2)" hits="1" missing-branches="209" number="183"/>
						<line hits="1" number="184"/>
						<line hits="1" number="185"/>
						<line branch="true" condition-coverage="50% (1/2)" hits="1" missing-branches="189" number="188"/>
						<line hits="0" number="189"/>
						<line hits="1" number="191"/>
						<line hits="1" number="194"/>
						<line hits="1" number="196"/>
						<line hits="1" number="199"/>
						<line hits="1" number="201"/>
						<line branch="true" condition-coverage="50% (1/2)" hits="1" missing-branches="183" number="204"/>
						<line hits="1" number="206"/>
						<line hits="1" number="207"/>
						<line hits="1" number="209"/>
						<line hits="1" number="212"/>
						<line hits="1" number="218"/>
						<line hits="1" number="226"/>
						<line hits="1" number="227"/>
						<line hits="1" number="230"/>
						<line hits="1" number="233"/>
					</lines>
				</class>
				<class branch-rate="1" complexity="0" filename="platform_specifics/bsd.py" line-rate="1" name="bsd.py">
					<methods/>
					<lines>
						<line hits="1" number="3"/>
						<line hits="1" number="7"/>
						<line hits="1" number="9"/>
					</lines>
				</class>
				<class branch-rate="0" complexity="0" filename="platform_specifics/linux.py" line-rate="0.2917" name="linux.py">
					<methods/>
					<lines>
						<line hits="1" number="3"/>
						<line hits="1" number="4"/>
						<line hits="1" number="5"/>
						<line hits="1" number="7"/>
						<line hits="1" number="10"/>
						<line hits="1" number="13"/>
						<line hits="0" number="27"/>
						<line hits="0" number="28"/>
						<line branch="true" condition-coverage="0% (0/2)" hits="0" missing-branches="31,33" number="29"/>
						<line hits="0" number="31"/>
						<line branch="true" condition-coverage="0% (0/2)" hits="0" missing-branches="37,39" number="33"/>
						<line hits="0" number="37"/>
						<line branch="true" condition-coverage="0% (0/2)" hits="0" missing-branches="41,43" number="39"/>
						<line hits="0" number="41"/>
						<line hits="0" number="43"/>
						<line hits="1" number="45"/>
						<line hits="0" number="48"/>
						<line hits="0" number="49"/>
						<line branch="true" condition-coverage="0% (0/2)" hits="0" missing-branches="51,55" number="50"/>
						<line hits="0" number="51"/>
						<line branch="true" condition-coverage="0% (0/2)" hits="0" missing-branches="56,62" number="55"/>
						<line hits="0" number="56"/>
						<line hits="0" number="62"/>
						<line hits="0" number="63"/>
					</lines>
				</class>
				<class branch-rate="1" complexity="0" filename="platform_specifics/osx.py" line-rate="0.8333" name="osx.py">
					<methods/>
					<lines>
						<line hits="1" number="3"/>
						<line hits="1" number="4"/>
						<line hits="1" number="6"/>
						<line hits="1" number="9"/>
						<line hits="1" number="12"/>
						<line hits="0" number="15"/>
					</lines>
				</class>
				<class branch-rate="0.25" complexity="0" filename="platform_specifics/platform_factory.py" line-rate="0.625" name="platform_factory.py">
					<methods/>
					<lines>
						<line hits="1" number="4"/>
						<line hits="1" number="6"/>
						<line hits="1" number="7"/>
						<line hits="1" number="8"/>
						<line hits="1" number="9"/>
						<line hits="1" number="12"/>
						<line hits="1" number="15"/>
						<line branch="true" condition-coverage="50% (1/2)" hits="1" missing-branches="18" number="17"/>
						<line hits="0" number="18"/>
						<line branch="true" condition-coverage="50% (1/2)" hits="1" missing-branches="21" number="19"/>
						<line hits="1" number="20"/>
						<line branch="true" condition-coverage="0% (0/2)" hits="0" missing-branches="22,23" number="21"/>
						<line hits="0" number="22"/>
						<line branch="true" condition-coverage="0% (0/2)" hits="0" missing-branches="24,26" number="23"/>
						<line hits="0" number="24"/>
						<line hits="0" number="26"/>
					</lines>
				</class>
				<class branch-rate="1" complexity="0" filename="platform_specifics/unix.py" line-rate="1" name="unix.py">
					<methods/>
					<lines>
						<line hits="1" number="3"/>
						<line hits="1" number="5"/>
						<line hits="1" number="9"/>
						<line hits="1" number="12"/>
						<line hits="1" number="13"/>
						<line hits="1" number="14"/>
					</lines>
				</class>
				<class branch-rate="0" complexity="0" filename="platform_specifics/windows.py" line-rate="0.2078" name="windows.py">
					<methods/>
					<lines>
						<line hits="1" number="3"/>
						<line hits="1" number="5"/>
						<line hits="1" number="6"/>
						<line hits="1" number="7"/>
						<line hits="1" number="9"/>
						<line hits="1" number="11"/>
						<line hits="1" number="14"/>
						<line hits="1" number="17"/>
						<line hits="0" number="18"/>
						<line hits="0" number="19"/>
						<line hits="0" number="20"/>
						<line hits="0" number="21"/>
						<line branch="true" condition-coverage="0% (0/2)" hits="0" missing-branches="35,43" number="31"/>
						<line hits="0" number="35"/>
						<line hits="0" number="36"/>
						<line branch="true" condition-coverage="0% (0/2)" hits="0" missing-branches="49,58" number="43"/>
						<line hits="0" number="49"/>
						<line hits="0" number="50"/>
						<line branch="true" condition-coverage="0% (0/2)" hits="0" missing-branches="59,74" number="58"/>
						<line hits="0" number="59"/>
						<line hits="0" number="60"/>
						<line hits="0" number="65"/>
						<line hits="0" number="74"/>
						<line hits="0" number="76"/>
						<line hits="0" number="78"/>
						<line branch="true" condition-coverage="0% (0/2)" hits="0" missing-branches="exit,81" number="80"/>
						<line hits="0" number="81"/>
						<line hits="1" number="91"/>
						<line hits="0" number="94"/>
						<line hits="1" number="97"/>
						<line hits="1" number="110"/>
						<line hits="1" number="116"/>
						<line hits="0" number="122"/>
						<line hits="0" number="123"/>
						<line branch="true" condition-coverage="0% (0/2)" hits="0" missing-branches="126,127" number="125"/>
						<line hits="0" number="126"/>
						<line hits="0" number="127"/>
						<line hits="1" number="132"/>
						<line hits="1" number="135"/>
						<line hits="0" number="138"/>
						<line hits="0" number="139"/>
						<line hits="0" number="140"/>
						<line branch="true" condition-coverage="0% (0/2)" hits="0" missing-branches="142,156" number="141"/>
						<line branch="true" condition-coverage="0% (0/2)" hits="0" missing-branches="143,145" number="142"/>
						<line hits="0" number="143"/>
						<line hits="0" number="145"/>
						<line branch="true" condition-coverage="0% (0/2)" hits="0" missing-branches="147,148" number="146"/>
						<line hits="0" number="147"/>
						<line hits="0" number="148"/>
						<line hits="0" number="149"/>
						<line hits="0" number="150"/>
						<line hits="0" number="151"/>
						<line hits="0" number="152"/>
						<line hits="0" number="153"/>
						<line hits="0" number="154"/>
						<line branch="true" condition-coverage="0% (0/2)" hits="0" missing-branches="157,159" number="156"/>
						<line hits="0" number="157"/>
						<line hits="0" number="159"/>
						<line branch="true" condition-coverage="0% (0/2)" hits="0" missing-branches="161,162" number="160"/>
						<line hits="0" number="161"/>
						<line hits="0" number="162"/>
						<line hits="0" number="163"/>
						<line hits="0" number="164"/>
						<line hits="0" number="166"/>
						<line hits="0" number="167"/>
						<line hits="0" number="172"/>
						<line hits="0" number="173"/>
						<line branch="true" condition-coverage="0% (0/2)" hits="0" missing-branches="175,176" number="174"/>
						<line hits="0" number="175"/>
						<line hits="0" number="176"/>
						<line hits="0" number="177"/>
						<line hits="0" number="178"/>
						<line hits="1" number="181"/>
						<line hits="1" number="188"/>
						<line hits="0" number="200"/>
						<line branch="true" condition-coverage="0% (0/2)" hits="0" missing-branches="exit,202" number="201"/>
						<line hits="0" number="202"/>
					</lines>
				</class>
			</classes>
		</package>
		<package branch-rate="0.15" complexity="0" line-rate="0.4951" name="utils">
			<classes>
				<class branch-rate="0.15" complexity="0" filename="utils/__init__.py" line-rate="0.4951" name="__init__.py">
					<methods/>
					<lines>
						<line hits="1" number="3"/>
						<line hits="1" number="4"/>
						<line hits="1" number="6"/>
						<line hits="1" number="7"/>
						<line hits="1" number="8"/>
						<line hits="1" number="9"/>
						<line hits="1" number="10"/>
						<line hits="1" number="11"/>
						<line hits="1" number="12"/>
						<line hits="1" number="13"/>
						<line hits="1" number="16"/>
						<line hits="1" number="20"/>
						<line hits="1" number="21"/>
						<line hits="1" number="23"/>
						<line hits="0" number="25"/>
						<line hits="1" number="27"/>
						<line hits="0" number="28"/>
						<line hits="1" number="30"/>
						<line hits="1" number="31"/>
						<line hits="1" number="33"/>
						<line hits="1" number="34"/>
						<line hits="1" number="35"/>
						<line hits="1" number="38"/>
						<line hits="1" number="44"/>
						<line hits="1" number="45"/>
						<line hits="0" number="46"/>
						<line hits="0" number="47"/>
						<line hits="0" number="48"/>
						<line hits="1" number="53"/>
						<line hits="1" number="56"/>
						<line hits="1" number="65"/>
						<line hits="1" number="66"/>
						<line hits="1" number="67"/>
						<line hits="1" number="68"/>
						<line hits="1" number="71"/>
						<line hits="1" number="72"/>
						<line branch="true" condition-coverage="50% (1/2)" hits="1" missing-branches="77" number="73"/>
						<line branch="true" condition-coverage="100% (2/2)" hits="1" number="74"/>
						<line hits="1" number="75"/>
						<line hits="1" number="76"/>
						<line hits="1" number="77"/>
						<line hits="1" number="79"/>
						<line hits="1" number="80"/>
						<line hits="1" number="83"/>
						<line hits="1" number="92"/>
						<line hits="1" number="95"/>
						<line hits="1" number="102"/>
						<line hits="0" number="110"/>
						<line hits="0" number="111"/>
						<line hits="0" number="112"/>
						<line hits="0" number="113"/>
						<line hits="0" number="114"/>
						<line hits="0" number="115"/>
						<line hits="1" number="117"/>
						<line hits="0" number="129"/>
						<line hits="0" number="130"/>
						<line hits="1" number="132"/>
						<line branch="true" condition-coverage="0% (0/2)" hits="0" missing-branches="140,142" number="137"/>
						<line hits="0" number="140"/>
						<line hits="0" number="142"/>
						<line hits="0" number="146"/>
						<line hits="0" number="147"/>
						<line branch="true" condition-coverage="0% (0/2)" hits="0" missing-branches="150,151" number="148"/>
						<line hits="0" number="150"/>
						<line hits="0" number="151"/>
						<line hits="0" number="153"/>
						<line hits="1" number="155"/>
						<line branch="true" condition-coverage="0% (0/2)" hits="0" missing-branches="159,163" number="158"/>
						<line hits="0" number="159"/>
						<line branch="true" condition-coverage="0% (0/2)" hits="0" missing-branches="162,163" number="161"/>
						<line hits="0" number="162"/>
						<line branch="true" condition-coverage="0% (0/2)" hits="0" missing-branches="164,167" number="163"/>
						<line hits="0" number="164"/>
						<line hits="0" number="166"/>
						<line hits="0" number="167"/>
						<line hits="1" number="170"/>
						<line hits="1" number="172"/>
						<line hits="1" number="176"/>
						<line hits="1" number="178"/>
						<line hits="1" number="181"/>
						<line hits="0" number="190"/>
						<line hits="0" number="191"/>
						<line branch="true" condition-coverage="0% (0/2)" hits="0" missing-branches="194,196" number="192"/>
						<line hits="0" number="194"/>
						<line hits="0" number="195"/>
						<line hits="0" number="196"/>
						<line hits="0" number="197"/>
						<line hits="1" number="200"/>
						<line branch="true" condition-coverage="0% (0/2)" hits="0" missing-branches="203,205" number="202"/>
						<line hits="0" number="203"/>
						<line hits="0" number="205"/>
						<line hits="0" number="209"/>
						<line hits="0" number="210"/>
						<line hits="0" number="211"/>
						<line hits="0" number="212"/>
						<line branch="true" condition-coverage="0% (0/2)" hits="0" missing-branches="214,216" number="213"/>
						<line hits="0" number="214"/>
						<line hits="0" number="216"/>
						<line hits="0" number="217"/>
						<line hits="0" number="221"/>
						<line hits="0" number="222"/>
						<line hits="0" number="225"/>
						<line hits="0" number="227"/>
					</lines>
				</class>
			</classes>
		</package>
	</packages>
</coverage>
